23:18:55 ERROR [io.qu.de.de.DevModeMain] (main) Quarkus dev mode failed to start: java.lang.NoSuchMethodError: io.quarkus.bootstrap.runner.Timing.setHttpServer(Ljava/lang/String;)V
	at io.quarkus.vertx.http.runtime.VertxHttpRecorder.setHttpServerTiming(VertxHttpRecorder.java:563)
	at io.quarkus.vertx.http.runtime.VertxHttpRecorder.doServerStart(VertxHttpRecorder.java:534)
	at io.quarkus.vertx.http.runtime.VertxHttpRecorder.startServerAfterFailedStart(VertxHttpRecorder.java:217)
	at io.quarkus.vertx.http.runtime.devmode.VertxHttpHotReplacementSetup.handleFailedInitialStart(VertxHttpHotReplacementSetup.java:39)
	at io.quarkus.deployment.dev.RuntimeUpdatesProcessor.startupFailed(RuntimeUpdatesProcessor.java:1131)
	at io.quarkus.deployment.dev.IsolatedDevModeMain.firstStart(IsolatedDevModeMain.java:185)
	at io.quarkus.deployment.dev.IsolatedDevModeMain.accept(IsolatedDevModeMain.java:485)
	at io.quarkus.deployment.dev.IsolatedDevModeMain.accept(IsolatedDevModeMain.java:68)
	at io.quarkus.bootstrap.app.CuratedApplication.runInCl(CuratedApplication.java:142)
	at io.quarkus.bootstrap.app.CuratedApplication.runInAugmentClassLoader(CuratedApplication.java:97)
	at io.quarkus.deployment.dev.DevModeMain.start(DevModeMain.java:132)
	at io.quarkus.deployment.dev.DevModeMain.main(DevModeMain.java:62)

23:19:15 ERROR [io.qu.de.de.IsolatedDevModeMain] (vert.x-worker-thread-1) Failed to start quarkus: java.lang.NoSuchMethodError: io.quarkus.runtime.annotations.ConfigRoot.prefix()Ljava/lang/String;
	at io.quarkus.deployment.configuration.BuildTimeConfigurationReader.<init>(BuildTimeConfigurationReader.java:148)
	at io.quarkus.deployment.ExtensionLoader.loadStepsFrom(ExtensionLoader.java:148)
	at io.quarkus.deployment.QuarkusAugmentor.run(QuarkusAugmentor.java:104)
	at io.quarkus.runner.bootstrap.AugmentActionImpl.runAugment(AugmentActionImpl.java:328)
	at io.quarkus.runner.bootstrap.AugmentActionImpl.reloadExistingApplication(AugmentActionImpl.java:265)
	at io.quarkus.runner.bootstrap.AugmentActionImpl.reloadExistingApplication(AugmentActionImpl.java:60)
	at io.quarkus.deployment.dev.IsolatedDevModeMain.restartApp(IsolatedDevModeMain.java:251)
	at io.quarkus.deployment.dev.IsolatedDevModeMain.restartCallback(IsolatedDevModeMain.java:234)
	at io.quarkus.deployment.dev.RuntimeUpdatesProcessor.doScan(RuntimeUpdatesProcessor.java:536)
	at io.quarkus.deployment.dev.RuntimeUpdatesProcessor.doScan(RuntimeUpdatesProcessor.java:436)
	at io.quarkus.vertx.http.runtime.devmode.VertxHttpHotReplacementSetup$2.handle(VertxHttpHotReplacementSetup.java:64)
	at io.quarkus.vertx.http.runtime.devmode.VertxHttpHotReplacementSetup$2.handle(VertxHttpHotReplacementSetup.java:54)
	at io.vertx.core.impl.ContextImpl.lambda$executeBlocking$2(ContextImpl.java:313)
	at java.base/java.util.concurrent.ThreadPoolExecutor.runWorker(ThreadPoolExecutor.java:1128)
	at java.base/java.util.concurrent.ThreadPoolExecutor$Worker.run(ThreadPoolExecutor.java:628)
	at io.netty.util.concurrent.FastThreadLocalRunnable.run(FastThreadLocalRunnable.java:30)
	at java.base/java.lang.Thread.run(Thread.java:834)

23:20:25 ERROR [io.qu.de.de.DevModeMain] (main) Quarkus dev mode failed to start: java.lang.NoSuchMethodError: io.quarkus.bootstrap.runner.Timing.setHttpServer(Ljava/lang/String;)V
	at io.quarkus.vertx.http.runtime.VertxHttpRecorder.setHttpServerTiming(VertxHttpRecorder.java:563)
	at io.quarkus.vertx.http.runtime.VertxHttpRecorder.doServerStart(VertxHttpRecorder.java:534)
	at io.quarkus.vertx.http.runtime.VertxHttpRecorder.startServerAfterFailedStart(VertxHttpRecorder.java:217)
	at io.quarkus.vertx.http.runtime.devmode.VertxHttpHotReplacementSetup.handleFailedInitialStart(VertxHttpHotReplacementSetup.java:39)
	at io.quarkus.deployment.dev.RuntimeUpdatesProcessor.startupFailed(RuntimeUpdatesProcessor.java:1131)
	at io.quarkus.deployment.dev.IsolatedDevModeMain.firstStart(IsolatedDevModeMain.java:185)
	at io.quarkus.deployment.dev.IsolatedDevModeMain.accept(IsolatedDevModeMain.java:485)
	at io.quarkus.deployment.dev.IsolatedDevModeMain.accept(IsolatedDevModeMain.java:68)
	at io.quarkus.bootstrap.app.CuratedApplication.runInCl(CuratedApplication.java:142)
	at io.quarkus.bootstrap.app.CuratedApplication.runInAugmentClassLoader(CuratedApplication.java:97)
	at io.quarkus.deployment.dev.DevModeMain.start(DevModeMain.java:132)
	at io.quarkus.deployment.dev.DevModeMain.main(DevModeMain.java:62)

23:22:16 ERROR [io.qu.de.de.DevModeMain] (main) Quarkus dev mode failed to start: java.lang.NoSuchMethodError: io.quarkus.bootstrap.runner.Timing.setHttpServer(Ljava/lang/String;)V
	at io.quarkus.vertx.http.runtime.VertxHttpRecorder.setHttpServerTiming(VertxHttpRecorder.java:563)
	at io.quarkus.vertx.http.runtime.VertxHttpRecorder.doServerStart(VertxHttpRecorder.java:534)
	at io.quarkus.vertx.http.runtime.VertxHttpRecorder.startServerAfterFailedStart(VertxHttpRecorder.java:217)
	at io.quarkus.vertx.http.runtime.devmode.VertxHttpHotReplacementSetup.handleFailedInitialStart(VertxHttpHotReplacementSetup.java:39)
	at io.quarkus.deployment.dev.RuntimeUpdatesProcessor.startupFailed(RuntimeUpdatesProcessor.java:1131)
	at io.quarkus.deployment.dev.IsolatedDevModeMain.firstStart(IsolatedDevModeMain.java:185)
	at io.quarkus.deployment.dev.IsolatedDevModeMain.accept(IsolatedDevModeMain.java:485)
	at io.quarkus.deployment.dev.IsolatedDevModeMain.accept(IsolatedDevModeMain.java:68)
	at io.quarkus.bootstrap.app.CuratedApplication.runInCl(CuratedApplication.java:142)
	at io.quarkus.bootstrap.app.CuratedApplication.runInAugmentClassLoader(CuratedApplication.java:97)
	at io.quarkus.deployment.dev.DevModeMain.start(DevModeMain.java:132)
	at io.quarkus.deployment.dev.DevModeMain.main(DevModeMain.java:62)

23:24:19 ERROR [io.qu.de.de.DevModeMain] (main) Quarkus dev mode failed to start: java.lang.NoSuchMethodError: io.quarkus.bootstrap.runner.Timing.setHttpServer(Ljava/lang/String;)V
	at io.quarkus.vertx.http.runtime.VertxHttpRecorder.setHttpServerTiming(VertxHttpRecorder.java:563)
	at io.quarkus.vertx.http.runtime.VertxHttpRecorder.doServerStart(VertxHttpRecorder.java:534)
	at io.quarkus.vertx.http.runtime.VertxHttpRecorder.startServerAfterFailedStart(VertxHttpRecorder.java:217)
	at io.quarkus.vertx.http.runtime.devmode.VertxHttpHotReplacementSetup.handleFailedInitialStart(VertxHttpHotReplacementSetup.java:39)
	at io.quarkus.deployment.dev.RuntimeUpdatesProcessor.startupFailed(RuntimeUpdatesProcessor.java:1131)
	at io.quarkus.deployment.dev.IsolatedDevModeMain.firstStart(IsolatedDevModeMain.java:185)
	at io.quarkus.deployment.dev.IsolatedDevModeMain.accept(IsolatedDevModeMain.java:485)
	at io.quarkus.deployment.dev.IsolatedDevModeMain.accept(IsolatedDevModeMain.java:68)
	at io.quarkus.bootstrap.app.CuratedApplication.runInCl(CuratedApplication.java:142)
	at io.quarkus.bootstrap.app.CuratedApplication.runInAugmentClassLoader(CuratedApplication.java:97)
	at io.quarkus.deployment.dev.DevModeMain.start(DevModeMain.java:132)
	at io.quarkus.deployment.dev.DevModeMain.main(DevModeMain.java:62)

09:51:19 ERROR [io.qu.de.de.DevModeMain] (main) Quarkus dev mode failed to start: java.lang.NoSuchMethodError: io.quarkus.bootstrap.runner.Timing.setHttpServer(Ljava/lang/String;)V
	at io.quarkus.vertx.http.runtime.VertxHttpRecorder.setHttpServerTiming(VertxHttpRecorder.java:563)
	at io.quarkus.vertx.http.runtime.VertxHttpRecorder.doServerStart(VertxHttpRecorder.java:534)
	at io.quarkus.vertx.http.runtime.VertxHttpRecorder.startServerAfterFailedStart(VertxHttpRecorder.java:217)
	at io.quarkus.vertx.http.runtime.devmode.VertxHttpHotReplacementSetup.handleFailedInitialStart(VertxHttpHotReplacementSetup.java:39)
	at io.quarkus.deployment.dev.RuntimeUpdatesProcessor.startupFailed(RuntimeUpdatesProcessor.java:1131)
	at io.quarkus.deployment.dev.IsolatedDevModeMain.firstStart(IsolatedDevModeMain.java:185)
	at io.quarkus.deployment.dev.IsolatedDevModeMain.accept(IsolatedDevModeMain.java:485)
	at io.quarkus.deployment.dev.IsolatedDevModeMain.accept(IsolatedDevModeMain.java:68)
	at io.quarkus.bootstrap.app.CuratedApplication.runInCl(CuratedApplication.java:142)
	at io.quarkus.bootstrap.app.CuratedApplication.runInAugmentClassLoader(CuratedApplication.java:97)
	at io.quarkus.deployment.dev.DevModeMain.start(DevModeMain.java:132)
	at io.quarkus.deployment.dev.DevModeMain.main(DevModeMain.java:62)

09:58:17 ERROR [io.qu.de.de.DevModeMain] (main) Quarkus dev mode failed to start: java.lang.NoSuchMethodError: io.quarkus.bootstrap.runner.Timing.setHttpServer(Ljava/lang/String;)V
	at io.quarkus.vertx.http.runtime.VertxHttpRecorder.setHttpServerTiming(VertxHttpRecorder.java:563)
	at io.quarkus.vertx.http.runtime.VertxHttpRecorder.doServerStart(VertxHttpRecorder.java:534)
	at io.quarkus.vertx.http.runtime.VertxHttpRecorder.startServerAfterFailedStart(VertxHttpRecorder.java:217)
	at io.quarkus.vertx.http.runtime.devmode.VertxHttpHotReplacementSetup.handleFailedInitialStart(VertxHttpHotReplacementSetup.java:39)
	at io.quarkus.deployment.dev.RuntimeUpdatesProcessor.startupFailed(RuntimeUpdatesProcessor.java:1131)
	at io.quarkus.deployment.dev.IsolatedDevModeMain.firstStart(IsolatedDevModeMain.java:185)
	at io.quarkus.deployment.dev.IsolatedDevModeMain.accept(IsolatedDevModeMain.java:485)
	at io.quarkus.deployment.dev.IsolatedDevModeMain.accept(IsolatedDevModeMain.java:68)
	at io.quarkus.bootstrap.app.CuratedApplication.runInCl(CuratedApplication.java:142)
	at io.quarkus.bootstrap.app.CuratedApplication.runInAugmentClassLoader(CuratedApplication.java:97)
	at io.quarkus.deployment.dev.DevModeMain.start(DevModeMain.java:132)
	at io.quarkus.deployment.dev.DevModeMain.main(DevModeMain.java:62)

10:41:20 ERROR [io.qu.de.de.DevModeMain] (main) Quarkus dev mode failed to start: java.lang.NoSuchMethodError: io.quarkus.bootstrap.runner.Timing.setHttpServer(Ljava/lang/String;)V
	at io.quarkus.vertx.http.runtime.VertxHttpRecorder.setHttpServerTiming(VertxHttpRecorder.java:563)
	at io.quarkus.vertx.http.runtime.VertxHttpRecorder.doServerStart(VertxHttpRecorder.java:534)
	at io.quarkus.vertx.http.runtime.VertxHttpRecorder.startServerAfterFailedStart(VertxHttpRecorder.java:217)
	at io.quarkus.vertx.http.runtime.devmode.VertxHttpHotReplacementSetup.handleFailedInitialStart(VertxHttpHotReplacementSetup.java:39)
	at io.quarkus.deployment.dev.RuntimeUpdatesProcessor.startupFailed(RuntimeUpdatesProcessor.java:1131)
	at io.quarkus.deployment.dev.IsolatedDevModeMain.firstStart(IsolatedDevModeMain.java:185)
	at io.quarkus.deployment.dev.IsolatedDevModeMain.accept(IsolatedDevModeMain.java:485)
	at io.quarkus.deployment.dev.IsolatedDevModeMain.accept(IsolatedDevModeMain.java:68)
	at io.quarkus.bootstrap.app.CuratedApplication.runInCl(CuratedApplication.java:142)
	at io.quarkus.bootstrap.app.CuratedApplication.runInAugmentClassLoader(CuratedApplication.java:97)
	at io.quarkus.deployment.dev.DevModeMain.start(DevModeMain.java:132)
	at io.quarkus.deployment.dev.DevModeMain.main(DevModeMain.java:62)

10:42:49 ERROR [io.qu.de.de.DevModeMain] (main) Quarkus dev mode failed to start: java.lang.NoSuchMethodError: io.quarkus.bootstrap.runner.Timing.setHttpServer(Ljava/lang/String;)V
	at io.quarkus.vertx.http.runtime.VertxHttpRecorder.setHttpServerTiming(VertxHttpRecorder.java:563)
	at io.quarkus.vertx.http.runtime.VertxHttpRecorder.doServerStart(VertxHttpRecorder.java:534)
	at io.quarkus.vertx.http.runtime.VertxHttpRecorder.startServerAfterFailedStart(VertxHttpRecorder.java:217)
	at io.quarkus.vertx.http.runtime.devmode.VertxHttpHotReplacementSetup.handleFailedInitialStart(VertxHttpHotReplacementSetup.java:39)
	at io.quarkus.deployment.dev.RuntimeUpdatesProcessor.startupFailed(RuntimeUpdatesProcessor.java:1131)
	at io.quarkus.deployment.dev.IsolatedDevModeMain.firstStart(IsolatedDevModeMain.java:185)
	at io.quarkus.deployment.dev.IsolatedDevModeMain.accept(IsolatedDevModeMain.java:485)
	at io.quarkus.deployment.dev.IsolatedDevModeMain.accept(IsolatedDevModeMain.java:68)
	at io.quarkus.bootstrap.app.CuratedApplication.runInCl(CuratedApplication.java:142)
	at io.quarkus.bootstrap.app.CuratedApplication.runInAugmentClassLoader(CuratedApplication.java:97)
	at io.quarkus.deployment.dev.DevModeMain.start(DevModeMain.java:132)
	at io.quarkus.deployment.dev.DevModeMain.main(DevModeMain.java:62)

10:49:06 ERROR [io.qu.de.de.DevModeMain] (main) Quarkus dev mode failed to start: java.lang.NoSuchMethodError: io.quarkus.bootstrap.runner.Timing.setHttpServer(Ljava/lang/String;)V
	at io.quarkus.vertx.http.runtime.VertxHttpRecorder.setHttpServerTiming(VertxHttpRecorder.java:563)
	at io.quarkus.vertx.http.runtime.VertxHttpRecorder.doServerStart(VertxHttpRecorder.java:534)
	at io.quarkus.vertx.http.runtime.VertxHttpRecorder.startServerAfterFailedStart(VertxHttpRecorder.java:217)
	at io.quarkus.vertx.http.runtime.devmode.VertxHttpHotReplacementSetup.handleFailedInitialStart(VertxHttpHotReplacementSetup.java:39)
	at io.quarkus.deployment.dev.RuntimeUpdatesProcessor.startupFailed(RuntimeUpdatesProcessor.java:1131)
	at io.quarkus.deployment.dev.IsolatedDevModeMain.firstStart(IsolatedDevModeMain.java:185)
	at io.quarkus.deployment.dev.IsolatedDevModeMain.accept(IsolatedDevModeMain.java:485)
	at io.quarkus.deployment.dev.IsolatedDevModeMain.accept(IsolatedDevModeMain.java:68)
	at io.quarkus.bootstrap.app.CuratedApplication.runInCl(CuratedApplication.java:142)
	at io.quarkus.bootstrap.app.CuratedApplication.runInAugmentClassLoader(CuratedApplication.java:97)
	at io.quarkus.deployment.dev.DevModeMain.start(DevModeMain.java:132)
	at io.quarkus.deployment.dev.DevModeMain.main(DevModeMain.java:62)

10:56:49 ERROR [io.qu.de.de.DevModeMain] (main) Quarkus dev mode failed to start: java.lang.NoSuchMethodError: io.quarkus.bootstrap.runner.Timing.setHttpServer(Ljava/lang/String;)V
	at io.quarkus.vertx.http.runtime.VertxHttpRecorder.setHttpServerTiming(VertxHttpRecorder.java:563)
	at io.quarkus.vertx.http.runtime.VertxHttpRecorder.doServerStart(VertxHttpRecorder.java:534)
	at io.quarkus.vertx.http.runtime.VertxHttpRecorder.startServerAfterFailedStart(VertxHttpRecorder.java:217)
	at io.quarkus.vertx.http.runtime.devmode.VertxHttpHotReplacementSetup.handleFailedInitialStart(VertxHttpHotReplacementSetup.java:39)
	at io.quarkus.deployment.dev.RuntimeUpdatesProcessor.startupFailed(RuntimeUpdatesProcessor.java:1131)
	at io.quarkus.deployment.dev.IsolatedDevModeMain.firstStart(IsolatedDevModeMain.java:185)
	at io.quarkus.deployment.dev.IsolatedDevModeMain.accept(IsolatedDevModeMain.java:485)
	at io.quarkus.deployment.dev.IsolatedDevModeMain.accept(IsolatedDevModeMain.java:68)
	at io.quarkus.bootstrap.app.CuratedApplication.runInCl(CuratedApplication.java:142)
	at io.quarkus.bootstrap.app.CuratedApplication.runInAugmentClassLoader(CuratedApplication.java:97)
	at io.quarkus.deployment.dev.DevModeMain.start(DevModeMain.java:132)
	at io.quarkus.deployment.dev.DevModeMain.main(DevModeMain.java:62)

10:58:42 ERROR [io.qu.de.de.DevModeMain] (main) Quarkus dev mode failed to start: java.lang.NoSuchMethodError: io.quarkus.bootstrap.runner.Timing.setHttpServer(Ljava/lang/String;)V
	at io.quarkus.vertx.http.runtime.VertxHttpRecorder.setHttpServerTiming(VertxHttpRecorder.java:563)
	at io.quarkus.vertx.http.runtime.VertxHttpRecorder.doServerStart(VertxHttpRecorder.java:534)
	at io.quarkus.vertx.http.runtime.VertxHttpRecorder.startServerAfterFailedStart(VertxHttpRecorder.java:217)
	at io.quarkus.vertx.http.runtime.devmode.VertxHttpHotReplacementSetup.handleFailedInitialStart(VertxHttpHotReplacementSetup.java:39)
	at io.quarkus.deployment.dev.RuntimeUpdatesProcessor.startupFailed(RuntimeUpdatesProcessor.java:1131)
	at io.quarkus.deployment.dev.IsolatedDevModeMain.firstStart(IsolatedDevModeMain.java:185)
	at io.quarkus.deployment.dev.IsolatedDevModeMain.accept(IsolatedDevModeMain.java:485)
	at io.quarkus.deployment.dev.IsolatedDevModeMain.accept(IsolatedDevModeMain.java:68)
	at io.quarkus.bootstrap.app.CuratedApplication.runInCl(CuratedApplication.java:142)
	at io.quarkus.bootstrap.app.CuratedApplication.runInAugmentClassLoader(CuratedApplication.java:97)
	at io.quarkus.deployment.dev.DevModeMain.start(DevModeMain.java:132)
	at io.quarkus.deployment.dev.DevModeMain.main(DevModeMain.java:62)

11:05:57 ERROR [io.qu.de.de.DevModeMain] (main) Quarkus dev mode failed to start: java.lang.NoSuchMethodError: io.quarkus.bootstrap.runner.Timing.setHttpServer(Ljava/lang/String;)V
	at io.quarkus.vertx.http.runtime.VertxHttpRecorder.setHttpServerTiming(VertxHttpRecorder.java:563)
	at io.quarkus.vertx.http.runtime.VertxHttpRecorder.doServerStart(VertxHttpRecorder.java:534)
	at io.quarkus.vertx.http.runtime.VertxHttpRecorder.startServerAfterFailedStart(VertxHttpRecorder.java:217)
	at io.quarkus.vertx.http.runtime.devmode.VertxHttpHotReplacementSetup.handleFailedInitialStart(VertxHttpHotReplacementSetup.java:39)
	at io.quarkus.deployment.dev.RuntimeUpdatesProcessor.startupFailed(RuntimeUpdatesProcessor.java:1131)
	at io.quarkus.deployment.dev.IsolatedDevModeMain.firstStart(IsolatedDevModeMain.java:185)
	at io.quarkus.deployment.dev.IsolatedDevModeMain.accept(IsolatedDevModeMain.java:485)
	at io.quarkus.deployment.dev.IsolatedDevModeMain.accept(IsolatedDevModeMain.java:68)
	at io.quarkus.bootstrap.app.CuratedApplication.runInCl(CuratedApplication.java:142)
	at io.quarkus.bootstrap.app.CuratedApplication.runInAugmentClassLoader(CuratedApplication.java:97)
	at io.quarkus.deployment.dev.DevModeMain.start(DevModeMain.java:132)
	at io.quarkus.deployment.dev.DevModeMain.main(DevModeMain.java:62)

11:16:15 ERROR [io.qu.de.de.DevModeMain] (main) Quarkus dev mode failed to start: java.lang.NoSuchMethodError: io.quarkus.bootstrap.runner.Timing.setHttpServer(Ljava/lang/String;)V
	at io.quarkus.vertx.http.runtime.VertxHttpRecorder.setHttpServerTiming(VertxHttpRecorder.java:563)
	at io.quarkus.vertx.http.runtime.VertxHttpRecorder.doServerStart(VertxHttpRecorder.java:534)
	at io.quarkus.vertx.http.runtime.VertxHttpRecorder.startServerAfterFailedStart(VertxHttpRecorder.java:217)
	at io.quarkus.vertx.http.runtime.devmode.VertxHttpHotReplacementSetup.handleFailedInitialStart(VertxHttpHotReplacementSetup.java:39)
	at io.quarkus.deployment.dev.RuntimeUpdatesProcessor.startupFailed(RuntimeUpdatesProcessor.java:1131)
	at io.quarkus.deployment.dev.IsolatedDevModeMain.firstStart(IsolatedDevModeMain.java:185)
	at io.quarkus.deployment.dev.IsolatedDevModeMain.accept(IsolatedDevModeMain.java:485)
	at io.quarkus.deployment.dev.IsolatedDevModeMain.accept(IsolatedDevModeMain.java:68)
	at io.quarkus.bootstrap.app.CuratedApplication.runInCl(CuratedApplication.java:142)
	at io.quarkus.bootstrap.app.CuratedApplication.runInAugmentClassLoader(CuratedApplication.java:97)
	at io.quarkus.deployment.dev.DevModeMain.start(DevModeMain.java:132)
	at io.quarkus.deployment.dev.DevModeMain.main(DevModeMain.java:62)

11:23:16 ERROR [io.qu.de.de.DevModeMain] (main) Quarkus dev mode failed to start: java.lang.NoSuchMethodError: io.quarkus.bootstrap.runner.Timing.setHttpServer(Ljava/lang/String;)V
	at io.quarkus.vertx.http.runtime.VertxHttpRecorder.setHttpServerTiming(VertxHttpRecorder.java:563)
	at io.quarkus.vertx.http.runtime.VertxHttpRecorder.doServerStart(VertxHttpRecorder.java:534)
	at io.quarkus.vertx.http.runtime.VertxHttpRecorder.startServerAfterFailedStart(VertxHttpRecorder.java:217)
	at io.quarkus.vertx.http.runtime.devmode.VertxHttpHotReplacementSetup.handleFailedInitialStart(VertxHttpHotReplacementSetup.java:39)
	at io.quarkus.deployment.dev.RuntimeUpdatesProcessor.startupFailed(RuntimeUpdatesProcessor.java:1131)
	at io.quarkus.deployment.dev.IsolatedDevModeMain.firstStart(IsolatedDevModeMain.java:185)
	at io.quarkus.deployment.dev.IsolatedDevModeMain.accept(IsolatedDevModeMain.java:485)
	at io.quarkus.deployment.dev.IsolatedDevModeMain.accept(IsolatedDevModeMain.java:68)
	at io.quarkus.bootstrap.app.CuratedApplication.runInCl(CuratedApplication.java:142)
	at io.quarkus.bootstrap.app.CuratedApplication.runInAugmentClassLoader(CuratedApplication.java:97)
	at io.quarkus.deployment.dev.DevModeMain.start(DevModeMain.java:132)
	at io.quarkus.deployment.dev.DevModeMain.main(DevModeMain.java:62)

11:30:32 ERROR [io.qu.de.de.DevModeMain] (main) Quarkus dev mode failed to start: java.lang.NoSuchMethodError: io.quarkus.bootstrap.runner.Timing.setHttpServer(Ljava/lang/String;)V
	at io.quarkus.vertx.http.runtime.VertxHttpRecorder.setHttpServerTiming(VertxHttpRecorder.java:563)
	at io.quarkus.vertx.http.runtime.VertxHttpRecorder.doServerStart(VertxHttpRecorder.java:534)
	at io.quarkus.vertx.http.runtime.VertxHttpRecorder.startServerAfterFailedStart(VertxHttpRecorder.java:217)
	at io.quarkus.vertx.http.runtime.devmode.VertxHttpHotReplacementSetup.handleFailedInitialStart(VertxHttpHotReplacementSetup.java:39)
	at io.quarkus.deployment.dev.RuntimeUpdatesProcessor.startupFailed(RuntimeUpdatesProcessor.java:1131)
	at io.quarkus.deployment.dev.IsolatedDevModeMain.firstStart(IsolatedDevModeMain.java:185)
	at io.quarkus.deployment.dev.IsolatedDevModeMain.accept(IsolatedDevModeMain.java:485)
	at io.quarkus.deployment.dev.IsolatedDevModeMain.accept(IsolatedDevModeMain.java:68)
	at io.quarkus.bootstrap.app.CuratedApplication.runInCl(CuratedApplication.java:142)
	at io.quarkus.bootstrap.app.CuratedApplication.runInAugmentClassLoader(CuratedApplication.java:97)
	at io.quarkus.deployment.dev.DevModeMain.start(DevModeMain.java:132)
	at io.quarkus.deployment.dev.DevModeMain.main(DevModeMain.java:62)

11:31:18 ERROR [io.qu.de.de.DevModeMain] (main) Quarkus dev mode failed to start: java.lang.NoSuchMethodError: io.quarkus.bootstrap.runner.Timing.setHttpServer(Ljava/lang/String;)V
	at io.quarkus.vertx.http.runtime.VertxHttpRecorder.setHttpServerTiming(VertxHttpRecorder.java:563)
	at io.quarkus.vertx.http.runtime.VertxHttpRecorder.doServerStart(VertxHttpRecorder.java:534)
	at io.quarkus.vertx.http.runtime.VertxHttpRecorder.startServerAfterFailedStart(VertxHttpRecorder.java:217)
	at io.quarkus.vertx.http.runtime.devmode.VertxHttpHotReplacementSetup.handleFailedInitialStart(VertxHttpHotReplacementSetup.java:39)
	at io.quarkus.deployment.dev.RuntimeUpdatesProcessor.startupFailed(RuntimeUpdatesProcessor.java:1131)
	at io.quarkus.deployment.dev.IsolatedDevModeMain.firstStart(IsolatedDevModeMain.java:185)
	at io.quarkus.deployment.dev.IsolatedDevModeMain.accept(IsolatedDevModeMain.java:485)
	at io.quarkus.deployment.dev.IsolatedDevModeMain.accept(IsolatedDevModeMain.java:68)
	at io.quarkus.bootstrap.app.CuratedApplication.runInCl(CuratedApplication.java:142)
	at io.quarkus.bootstrap.app.CuratedApplication.runInAugmentClassLoader(CuratedApplication.java:97)
	at io.quarkus.deployment.dev.DevModeMain.start(DevModeMain.java:132)
	at io.quarkus.deployment.dev.DevModeMain.main(DevModeMain.java:62)

11:37:38 ERROR [io.qu.de.de.DevModeMain] (main) Quarkus dev mode failed to start: java.lang.NoSuchMethodError: io.quarkus.bootstrap.runner.Timing.setHttpServer(Ljava/lang/String;)V
	at io.quarkus.vertx.http.runtime.VertxHttpRecorder.setHttpServerTiming(VertxHttpRecorder.java:563)
	at io.quarkus.vertx.http.runtime.VertxHttpRecorder.doServerStart(VertxHttpRecorder.java:534)
	at io.quarkus.vertx.http.runtime.VertxHttpRecorder.startServerAfterFailedStart(VertxHttpRecorder.java:217)
	at io.quarkus.vertx.http.runtime.devmode.VertxHttpHotReplacementSetup.handleFailedInitialStart(VertxHttpHotReplacementSetup.java:39)
	at io.quarkus.deployment.dev.RuntimeUpdatesProcessor.startupFailed(RuntimeUpdatesProcessor.java:1131)
	at io.quarkus.deployment.dev.IsolatedDevModeMain.firstStart(IsolatedDevModeMain.java:185)
	at io.quarkus.deployment.dev.IsolatedDevModeMain.accept(IsolatedDevModeMain.java:485)
	at io.quarkus.deployment.dev.IsolatedDevModeMain.accept(IsolatedDevModeMain.java:68)
	at io.quarkus.bootstrap.app.CuratedApplication.runInCl(CuratedApplication.java:142)
	at io.quarkus.bootstrap.app.CuratedApplication.runInAugmentClassLoader(CuratedApplication.java:97)
	at io.quarkus.deployment.dev.DevModeMain.start(DevModeMain.java:132)
	at io.quarkus.deployment.dev.DevModeMain.main(DevModeMain.java:62)

11:52:16 ERROR [io.qu.de.de.DevModeMain] (main) Quarkus dev mode failed to start: java.lang.NoSuchMethodError: io.quarkus.bootstrap.runner.Timing.setHttpServer(Ljava/lang/String;)V
	at io.quarkus.vertx.http.runtime.VertxHttpRecorder.setHttpServerTiming(VertxHttpRecorder.java:563)
	at io.quarkus.vertx.http.runtime.VertxHttpRecorder.doServerStart(VertxHttpRecorder.java:534)
	at io.quarkus.vertx.http.runtime.VertxHttpRecorder.startServerAfterFailedStart(VertxHttpRecorder.java:217)
	at io.quarkus.vertx.http.runtime.devmode.VertxHttpHotReplacementSetup.handleFailedInitialStart(VertxHttpHotReplacementSetup.java:39)
	at io.quarkus.deployment.dev.RuntimeUpdatesProcessor.startupFailed(RuntimeUpdatesProcessor.java:1131)
	at io.quarkus.deployment.dev.IsolatedDevModeMain.firstStart(IsolatedDevModeMain.java:185)
	at io.quarkus.deployment.dev.IsolatedDevModeMain.accept(IsolatedDevModeMain.java:485)
	at io.quarkus.deployment.dev.IsolatedDevModeMain.accept(IsolatedDevModeMain.java:68)
	at io.quarkus.bootstrap.app.CuratedApplication.runInCl(CuratedApplication.java:142)
	at io.quarkus.bootstrap.app.CuratedApplication.runInAugmentClassLoader(CuratedApplication.java:97)
	at io.quarkus.deployment.dev.DevModeMain.start(DevModeMain.java:132)
	at io.quarkus.deployment.dev.DevModeMain.main(DevModeMain.java:62)

22:17:44 ERROR [io.qu.de.de.DevModeMain] (main) Quarkus dev mode failed to start: java.lang.NoSuchMethodError: io.quarkus.bootstrap.runner.Timing.setHttpServer(Ljava/lang/String;)V
	at io.quarkus.vertx.http.runtime.VertxHttpRecorder.setHttpServerTiming(VertxHttpRecorder.java:563)
	at io.quarkus.vertx.http.runtime.VertxHttpRecorder.doServerStart(VertxHttpRecorder.java:534)
	at io.quarkus.vertx.http.runtime.VertxHttpRecorder.startServerAfterFailedStart(VertxHttpRecorder.java:217)
	at io.quarkus.vertx.http.runtime.devmode.VertxHttpHotReplacementSetup.handleFailedInitialStart(VertxHttpHotReplacementSetup.java:39)
	at io.quarkus.deployment.dev.RuntimeUpdatesProcessor.startupFailed(RuntimeUpdatesProcessor.java:1131)
	at io.quarkus.deployment.dev.IsolatedDevModeMain.firstStart(IsolatedDevModeMain.java:185)
	at io.quarkus.deployment.dev.IsolatedDevModeMain.accept(IsolatedDevModeMain.java:485)
	at io.quarkus.deployment.dev.IsolatedDevModeMain.accept(IsolatedDevModeMain.java:68)
	at io.quarkus.bootstrap.app.CuratedApplication.runInCl(CuratedApplication.java:142)
	at io.quarkus.bootstrap.app.CuratedApplication.runInAugmentClassLoader(CuratedApplication.java:97)
	at io.quarkus.deployment.dev.DevModeMain.start(DevModeMain.java:132)
	at io.quarkus.deployment.dev.DevModeMain.main(DevModeMain.java:62)

22:19:59 ERROR [io.qu.de.de.DevModeMain] (main) Quarkus dev mode failed to start: java.lang.NoSuchMethodError: io.quarkus.bootstrap.runner.Timing.setHttpServer(Ljava/lang/String;)V
	at io.quarkus.vertx.http.runtime.VertxHttpRecorder.setHttpServerTiming(VertxHttpRecorder.java:563)
	at io.quarkus.vertx.http.runtime.VertxHttpRecorder.doServerStart(VertxHttpRecorder.java:534)
	at io.quarkus.vertx.http.runtime.VertxHttpRecorder.startServerAfterFailedStart(VertxHttpRecorder.java:217)
	at io.quarkus.vertx.http.runtime.devmode.VertxHttpHotReplacementSetup.handleFailedInitialStart(VertxHttpHotReplacementSetup.java:39)
	at io.quarkus.deployment.dev.RuntimeUpdatesProcessor.startupFailed(RuntimeUpdatesProcessor.java:1131)
	at io.quarkus.deployment.dev.IsolatedDevModeMain.firstStart(IsolatedDevModeMain.java:185)
	at io.quarkus.deployment.dev.IsolatedDevModeMain.accept(IsolatedDevModeMain.java:485)
	at io.quarkus.deployment.dev.IsolatedDevModeMain.accept(IsolatedDevModeMain.java:68)
	at io.quarkus.bootstrap.app.CuratedApplication.runInCl(CuratedApplication.java:142)
	at io.quarkus.bootstrap.app.CuratedApplication.runInAugmentClassLoader(CuratedApplication.java:97)
	at io.quarkus.deployment.dev.DevModeMain.start(DevModeMain.java:132)
	at io.quarkus.deployment.dev.DevModeMain.main(DevModeMain.java:62)

22:21:28 ERROR [io.qu.de.de.DevModeMain] (main) Quarkus dev mode failed to start: java.lang.NoSuchMethodError: io.quarkus.bootstrap.runner.Timing.setHttpServer(Ljava/lang/String;)V
	at io.quarkus.vertx.http.runtime.VertxHttpRecorder.setHttpServerTiming(VertxHttpRecorder.java:563)
	at io.quarkus.vertx.http.runtime.VertxHttpRecorder.doServerStart(VertxHttpRecorder.java:534)
	at io.quarkus.vertx.http.runtime.VertxHttpRecorder.startServerAfterFailedStart(VertxHttpRecorder.java:217)
	at io.quarkus.vertx.http.runtime.devmode.VertxHttpHotReplacementSetup.handleFailedInitialStart(VertxHttpHotReplacementSetup.java:39)
	at io.quarkus.deployment.dev.RuntimeUpdatesProcessor.startupFailed(RuntimeUpdatesProcessor.java:1131)
	at io.quarkus.deployment.dev.IsolatedDevModeMain.firstStart(IsolatedDevModeMain.java:185)
	at io.quarkus.deployment.dev.IsolatedDevModeMain.accept(IsolatedDevModeMain.java:485)
	at io.quarkus.deployment.dev.IsolatedDevModeMain.accept(IsolatedDevModeMain.java:68)
	at io.quarkus.bootstrap.app.CuratedApplication.runInCl(CuratedApplication.java:142)
	at io.quarkus.bootstrap.app.CuratedApplication.runInAugmentClassLoader(CuratedApplication.java:97)
	at io.quarkus.deployment.dev.DevModeMain.start(DevModeMain.java:132)
	at io.quarkus.deployment.dev.DevModeMain.main(DevModeMain.java:62)

22:22:35 ERROR [io.qu.de.de.DevModeMain] (main) Quarkus dev mode failed to start: java.lang.NoSuchMethodError: io.quarkus.bootstrap.runner.Timing.setHttpServer(Ljava/lang/String;)V
	at io.quarkus.vertx.http.runtime.VertxHttpRecorder.setHttpServerTiming(VertxHttpRecorder.java:563)
	at io.quarkus.vertx.http.runtime.VertxHttpRecorder.doServerStart(VertxHttpRecorder.java:534)
	at io.quarkus.vertx.http.runtime.VertxHttpRecorder.startServerAfterFailedStart(VertxHttpRecorder.java:217)
	at io.quarkus.vertx.http.runtime.devmode.VertxHttpHotReplacementSetup.handleFailedInitialStart(VertxHttpHotReplacementSetup.java:39)
	at io.quarkus.deployment.dev.RuntimeUpdatesProcessor.startupFailed(RuntimeUpdatesProcessor.java:1131)
	at io.quarkus.deployment.dev.IsolatedDevModeMain.firstStart(IsolatedDevModeMain.java:185)
	at io.quarkus.deployment.dev.IsolatedDevModeMain.accept(IsolatedDevModeMain.java:485)
	at io.quarkus.deployment.dev.IsolatedDevModeMain.accept(IsolatedDevModeMain.java:68)
	at io.quarkus.bootstrap.app.CuratedApplication.runInCl(CuratedApplication.java:142)
	at io.quarkus.bootstrap.app.CuratedApplication.runInAugmentClassLoader(CuratedApplication.java:97)
	at io.quarkus.deployment.dev.DevModeMain.start(DevModeMain.java:132)
	at io.quarkus.deployment.dev.DevModeMain.main(DevModeMain.java:62)

22:24:00 ERROR [io.qu.de.de.DevModeMain] (main) Quarkus dev mode failed to start: java.lang.NoSuchMethodError: io.quarkus.bootstrap.runner.Timing.setHttpServer(Ljava/lang/String;)V
	at io.quarkus.vertx.http.runtime.VertxHttpRecorder.setHttpServerTiming(VertxHttpRecorder.java:563)
	at io.quarkus.vertx.http.runtime.VertxHttpRecorder.doServerStart(VertxHttpRecorder.java:534)
	at io.quarkus.vertx.http.runtime.VertxHttpRecorder.startServerAfterFailedStart(VertxHttpRecorder.java:217)
	at io.quarkus.vertx.http.runtime.devmode.VertxHttpHotReplacementSetup.handleFailedInitialStart(VertxHttpHotReplacementSetup.java:39)
	at io.quarkus.deployment.dev.RuntimeUpdatesProcessor.startupFailed(RuntimeUpdatesProcessor.java:1131)
	at io.quarkus.deployment.dev.IsolatedDevModeMain.firstStart(IsolatedDevModeMain.java:185)
	at io.quarkus.deployment.dev.IsolatedDevModeMain.accept(IsolatedDevModeMain.java:485)
	at io.quarkus.deployment.dev.IsolatedDevModeMain.accept(IsolatedDevModeMain.java:68)
	at io.quarkus.bootstrap.app.CuratedApplication.runInCl(CuratedApplication.java:142)
	at io.quarkus.bootstrap.app.CuratedApplication.runInAugmentClassLoader(CuratedApplication.java:97)
	at io.quarkus.deployment.dev.DevModeMain.start(DevModeMain.java:132)
	at io.quarkus.deployment.dev.DevModeMain.main(DevModeMain.java:62)

22:24:26 ERROR [io.qu.de.de.DevModeMain] (main) Quarkus dev mode failed to start: java.lang.NoSuchMethodError: io.quarkus.bootstrap.runner.Timing.setHttpServer(Ljava/lang/String;)V
	at io.quarkus.vertx.http.runtime.VertxHttpRecorder.setHttpServerTiming(VertxHttpRecorder.java:563)
	at io.quarkus.vertx.http.runtime.VertxHttpRecorder.doServerStart(VertxHttpRecorder.java:534)
	at io.quarkus.vertx.http.runtime.VertxHttpRecorder.startServerAfterFailedStart(VertxHttpRecorder.java:217)
	at io.quarkus.vertx.http.runtime.devmode.VertxHttpHotReplacementSetup.handleFailedInitialStart(VertxHttpHotReplacementSetup.java:39)
	at io.quarkus.deployment.dev.RuntimeUpdatesProcessor.startupFailed(RuntimeUpdatesProcessor.java:1131)
	at io.quarkus.deployment.dev.IsolatedDevModeMain.firstStart(IsolatedDevModeMain.java:185)
	at io.quarkus.deployment.dev.IsolatedDevModeMain.accept(IsolatedDevModeMain.java:485)
	at io.quarkus.deployment.dev.IsolatedDevModeMain.accept(IsolatedDevModeMain.java:68)
	at io.quarkus.bootstrap.app.CuratedApplication.runInCl(CuratedApplication.java:142)
	at io.quarkus.bootstrap.app.CuratedApplication.runInAugmentClassLoader(CuratedApplication.java:97)
	at io.quarkus.deployment.dev.DevModeMain.start(DevModeMain.java:132)
	at io.quarkus.deployment.dev.DevModeMain.main(DevModeMain.java:62)

22:25:52 ERROR [io.qu.de.de.DevModeMain] (main) Quarkus dev mode failed to start: java.lang.NoSuchMethodError: io.quarkus.bootstrap.runner.Timing.setHttpServer(Ljava/lang/String;)V
	at io.quarkus.vertx.http.runtime.VertxHttpRecorder.setHttpServerTiming(VertxHttpRecorder.java:563)
	at io.quarkus.vertx.http.runtime.VertxHttpRecorder.doServerStart(VertxHttpRecorder.java:534)
	at io.quarkus.vertx.http.runtime.VertxHttpRecorder.startServerAfterFailedStart(VertxHttpRecorder.java:217)
	at io.quarkus.vertx.http.runtime.devmode.VertxHttpHotReplacementSetup.handleFailedInitialStart(VertxHttpHotReplacementSetup.java:39)
	at io.quarkus.deployment.dev.RuntimeUpdatesProcessor.startupFailed(RuntimeUpdatesProcessor.java:1131)
	at io.quarkus.deployment.dev.IsolatedDevModeMain.firstStart(IsolatedDevModeMain.java:185)
	at io.quarkus.deployment.dev.IsolatedDevModeMain.accept(IsolatedDevModeMain.java:485)
	at io.quarkus.deployment.dev.IsolatedDevModeMain.accept(IsolatedDevModeMain.java:68)
	at io.quarkus.bootstrap.app.CuratedApplication.runInCl(CuratedApplication.java:142)
	at io.quarkus.bootstrap.app.CuratedApplication.runInAugmentClassLoader(CuratedApplication.java:97)
	at io.quarkus.deployment.dev.DevModeMain.start(DevModeMain.java:132)
	at io.quarkus.deployment.dev.DevModeMain.main(DevModeMain.java:62)

22:28:23 ERROR [io.qu.de.de.DevModeMain] (main) Quarkus dev mode failed to start: java.lang.NoSuchMethodError: io.quarkus.bootstrap.runner.Timing.setHttpServer(Ljava/lang/String;)V
	at io.quarkus.vertx.http.runtime.VertxHttpRecorder.setHttpServerTiming(VertxHttpRecorder.java:563)
	at io.quarkus.vertx.http.runtime.VertxHttpRecorder.doServerStart(VertxHttpRecorder.java:534)
	at io.quarkus.vertx.http.runtime.VertxHttpRecorder.startServerAfterFailedStart(VertxHttpRecorder.java:217)
	at io.quarkus.vertx.http.runtime.devmode.VertxHttpHotReplacementSetup.handleFailedInitialStart(VertxHttpHotReplacementSetup.java:39)
	at io.quarkus.deployment.dev.RuntimeUpdatesProcessor.startupFailed(RuntimeUpdatesProcessor.java:1131)
	at io.quarkus.deployment.dev.IsolatedDevModeMain.firstStart(IsolatedDevModeMain.java:185)
	at io.quarkus.deployment.dev.IsolatedDevModeMain.accept(IsolatedDevModeMain.java:485)
	at io.quarkus.deployment.dev.IsolatedDevModeMain.accept(IsolatedDevModeMain.java:68)
	at io.quarkus.bootstrap.app.CuratedApplication.runInCl(CuratedApplication.java:142)
	at io.quarkus.bootstrap.app.CuratedApplication.runInAugmentClassLoader(CuratedApplication.java:97)
	at io.quarkus.deployment.dev.DevModeMain.start(DevModeMain.java:132)
	at io.quarkus.deployment.dev.DevModeMain.main(DevModeMain.java:62)

22:30:05 ERROR [io.qu.de.de.DevModeMain] (main) Quarkus dev mode failed to start: java.lang.NoSuchMethodError: io.quarkus.bootstrap.runner.Timing.setHttpServer(Ljava/lang/String;)V
	at io.quarkus.vertx.http.runtime.VertxHttpRecorder.setHttpServerTiming(VertxHttpRecorder.java:563)
	at io.quarkus.vertx.http.runtime.VertxHttpRecorder.doServerStart(VertxHttpRecorder.java:534)
	at io.quarkus.vertx.http.runtime.VertxHttpRecorder.startServerAfterFailedStart(VertxHttpRecorder.java:217)
	at io.quarkus.vertx.http.runtime.devmode.VertxHttpHotReplacementSetup.handleFailedInitialStart(VertxHttpHotReplacementSetup.java:39)
	at io.quarkus.deployment.dev.RuntimeUpdatesProcessor.startupFailed(RuntimeUpdatesProcessor.java:1131)
	at io.quarkus.deployment.dev.IsolatedDevModeMain.firstStart(IsolatedDevModeMain.java:185)
	at io.quarkus.deployment.dev.IsolatedDevModeMain.accept(IsolatedDevModeMain.java:485)
	at io.quarkus.deployment.dev.IsolatedDevModeMain.accept(IsolatedDevModeMain.java:68)
	at io.quarkus.bootstrap.app.CuratedApplication.runInCl(CuratedApplication.java:142)
	at io.quarkus.bootstrap.app.CuratedApplication.runInAugmentClassLoader(CuratedApplication.java:97)
	at io.quarkus.deployment.dev.DevModeMain.start(DevModeMain.java:132)
	at io.quarkus.deployment.dev.DevModeMain.main(DevModeMain.java:62)

22:31:04 ERROR [io.qu.de.de.DevModeMain] (main) Quarkus dev mode failed to start: java.lang.NoSuchMethodError: io.quarkus.bootstrap.runner.Timing.setHttpServer(Ljava/lang/String;)V
	at io.quarkus.vertx.http.runtime.VertxHttpRecorder.setHttpServerTiming(VertxHttpRecorder.java:563)
	at io.quarkus.vertx.http.runtime.VertxHttpRecorder.doServerStart(VertxHttpRecorder.java:534)
	at io.quarkus.vertx.http.runtime.VertxHttpRecorder.startServerAfterFailedStart(VertxHttpRecorder.java:217)
	at io.quarkus.vertx.http.runtime.devmode.VertxHttpHotReplacementSetup.handleFailedInitialStart(VertxHttpHotReplacementSetup.java:39)
	at io.quarkus.deployment.dev.RuntimeUpdatesProcessor.startupFailed(RuntimeUpdatesProcessor.java:1131)
	at io.quarkus.deployment.dev.IsolatedDevModeMain.firstStart(IsolatedDevModeMain.java:185)
	at io.quarkus.deployment.dev.IsolatedDevModeMain.accept(IsolatedDevModeMain.java:485)
	at io.quarkus.deployment.dev.IsolatedDevModeMain.accept(IsolatedDevModeMain.java:68)
	at io.quarkus.bootstrap.app.CuratedApplication.runInCl(CuratedApplication.java:142)
	at io.quarkus.bootstrap.app.CuratedApplication.runInAugmentClassLoader(CuratedApplication.java:97)
	at io.quarkus.deployment.dev.DevModeMain.start(DevModeMain.java:132)
	at io.quarkus.deployment.dev.DevModeMain.main(DevModeMain.java:62)

22:31:25 ERROR [io.qu.de.de.DevModeMain] (main) Quarkus dev mode failed to start: java.lang.NoSuchMethodError: io.quarkus.bootstrap.runner.Timing.setHttpServer(Ljava/lang/String;)V
	at io.quarkus.vertx.http.runtime.VertxHttpRecorder.setHttpServerTiming(VertxHttpRecorder.java:563)
	at io.quarkus.vertx.http.runtime.VertxHttpRecorder.doServerStart(VertxHttpRecorder.java:534)
	at io.quarkus.vertx.http.runtime.VertxHttpRecorder.startServerAfterFailedStart(VertxHttpRecorder.java:217)
	at io.quarkus.vertx.http.runtime.devmode.VertxHttpHotReplacementSetup.handleFailedInitialStart(VertxHttpHotReplacementSetup.java:39)
	at io.quarkus.deployment.dev.RuntimeUpdatesProcessor.startupFailed(RuntimeUpdatesProcessor.java:1131)
	at io.quarkus.deployment.dev.IsolatedDevModeMain.firstStart(IsolatedDevModeMain.java:185)
	at io.quarkus.deployment.dev.IsolatedDevModeMain.accept(IsolatedDevModeMain.java:485)
	at io.quarkus.deployment.dev.IsolatedDevModeMain.accept(IsolatedDevModeMain.java:68)
	at io.quarkus.bootstrap.app.CuratedApplication.runInCl(CuratedApplication.java:142)
	at io.quarkus.bootstrap.app.CuratedApplication.runInAugmentClassLoader(CuratedApplication.java:97)
	at io.quarkus.deployment.dev.DevModeMain.start(DevModeMain.java:132)
	at io.quarkus.deployment.dev.DevModeMain.main(DevModeMain.java:62)

22:33:24 ERROR [io.qu.de.de.DevModeMain] (main) Quarkus dev mode failed to start: java.lang.NoSuchMethodError: io.quarkus.bootstrap.runner.Timing.setHttpServer(Ljava/lang/String;)V
	at io.quarkus.vertx.http.runtime.VertxHttpRecorder.setHttpServerTiming(VertxHttpRecorder.java:563)
	at io.quarkus.vertx.http.runtime.VertxHttpRecorder.doServerStart(VertxHttpRecorder.java:534)
	at io.quarkus.vertx.http.runtime.VertxHttpRecorder.startServerAfterFailedStart(VertxHttpRecorder.java:217)
	at io.quarkus.vertx.http.runtime.devmode.VertxHttpHotReplacementSetup.handleFailedInitialStart(VertxHttpHotReplacementSetup.java:39)
	at io.quarkus.deployment.dev.RuntimeUpdatesProcessor.startupFailed(RuntimeUpdatesProcessor.java:1131)
	at io.quarkus.deployment.dev.IsolatedDevModeMain.firstStart(IsolatedDevModeMain.java:185)
	at io.quarkus.deployment.dev.IsolatedDevModeMain.accept(IsolatedDevModeMain.java:485)
	at io.quarkus.deployment.dev.IsolatedDevModeMain.accept(IsolatedDevModeMain.java:68)
	at io.quarkus.bootstrap.app.CuratedApplication.runInCl(CuratedApplication.java:142)
	at io.quarkus.bootstrap.app.CuratedApplication.runInAugmentClassLoader(CuratedApplication.java:97)
	at io.quarkus.deployment.dev.DevModeMain.start(DevModeMain.java:132)
	at io.quarkus.deployment.dev.DevModeMain.main(DevModeMain.java:62)

22:42:34 ERROR [io.qu.de.de.DevModeMain] (main) Quarkus dev mode failed to start: java.lang.NoSuchMethodError: io.quarkus.bootstrap.runner.Timing.setHttpServer(Ljava/lang/String;)V
	at io.quarkus.vertx.http.runtime.VertxHttpRecorder.setHttpServerTiming(VertxHttpRecorder.java:563)
	at io.quarkus.vertx.http.runtime.VertxHttpRecorder.doServerStart(VertxHttpRecorder.java:534)
	at io.quarkus.vertx.http.runtime.VertxHttpRecorder.startServerAfterFailedStart(VertxHttpRecorder.java:217)
	at io.quarkus.vertx.http.runtime.devmode.VertxHttpHotReplacementSetup.handleFailedInitialStart(VertxHttpHotReplacementSetup.java:39)
	at io.quarkus.deployment.dev.RuntimeUpdatesProcessor.startupFailed(RuntimeUpdatesProcessor.java:1131)
	at io.quarkus.deployment.dev.IsolatedDevModeMain.firstStart(IsolatedDevModeMain.java:185)
	at io.quarkus.deployment.dev.IsolatedDevModeMain.accept(IsolatedDevModeMain.java:485)
	at io.quarkus.deployment.dev.IsolatedDevModeMain.accept(IsolatedDevModeMain.java:68)
	at io.quarkus.bootstrap.app.CuratedApplication.runInCl(CuratedApplication.java:142)
	at io.quarkus.bootstrap.app.CuratedApplication.runInAugmentClassLoader(CuratedApplication.java:97)
	at io.quarkus.deployment.dev.DevModeMain.start(DevModeMain.java:132)
	at io.quarkus.deployment.dev.DevModeMain.main(DevModeMain.java:62)

22:44:18 ERROR [io.qu.de.de.DevModeMain] (main) Quarkus dev mode failed to start: java.lang.NoSuchMethodError: io.quarkus.bootstrap.runner.Timing.setHttpServer(Ljava/lang/String;)V
	at io.quarkus.vertx.http.runtime.VertxHttpRecorder.setHttpServerTiming(VertxHttpRecorder.java:563)
	at io.quarkus.vertx.http.runtime.VertxHttpRecorder.doServerStart(VertxHttpRecorder.java:534)
	at io.quarkus.vertx.http.runtime.VertxHttpRecorder.startServerAfterFailedStart(VertxHttpRecorder.java:217)
	at io.quarkus.vertx.http.runtime.devmode.VertxHttpHotReplacementSetup.handleFailedInitialStart(VertxHttpHotReplacementSetup.java:39)
	at io.quarkus.deployment.dev.RuntimeUpdatesProcessor.startupFailed(RuntimeUpdatesProcessor.java:1131)
	at io.quarkus.deployment.dev.IsolatedDevModeMain.firstStart(IsolatedDevModeMain.java:185)
	at io.quarkus.deployment.dev.IsolatedDevModeMain.accept(IsolatedDevModeMain.java:485)
	at io.quarkus.deployment.dev.IsolatedDevModeMain.accept(IsolatedDevModeMain.java:68)
	at io.quarkus.bootstrap.app.CuratedApplication.runInCl(CuratedApplication.java:142)
	at io.quarkus.bootstrap.app.CuratedApplication.runInAugmentClassLoader(CuratedApplication.java:97)
	at io.quarkus.deployment.dev.DevModeMain.start(DevModeMain.java:132)
	at io.quarkus.deployment.dev.DevModeMain.main(DevModeMain.java:62)

22:45:13 ERROR [io.qu.de.de.DevModeMain] (main) Quarkus dev mode failed to start: java.lang.NoSuchMethodError: io.quarkus.bootstrap.runner.Timing.setHttpServer(Ljava/lang/String;)V
	at io.quarkus.vertx.http.runtime.VertxHttpRecorder.setHttpServerTiming(VertxHttpRecorder.java:563)
	at io.quarkus.vertx.http.runtime.VertxHttpRecorder.doServerStart(VertxHttpRecorder.java:534)
	at io.quarkus.vertx.http.runtime.VertxHttpRecorder.startServerAfterFailedStart(VertxHttpRecorder.java:217)
	at io.quarkus.vertx.http.runtime.devmode.VertxHttpHotReplacementSetup.handleFailedInitialStart(VertxHttpHotReplacementSetup.java:39)
	at io.quarkus.deployment.dev.RuntimeUpdatesProcessor.startupFailed(RuntimeUpdatesProcessor.java:1131)
	at io.quarkus.deployment.dev.IsolatedDevModeMain.firstStart(IsolatedDevModeMain.java:185)
	at io.quarkus.deployment.dev.IsolatedDevModeMain.accept(IsolatedDevModeMain.java:485)
	at io.quarkus.deployment.dev.IsolatedDevModeMain.accept(IsolatedDevModeMain.java:68)
	at io.quarkus.bootstrap.app.CuratedApplication.runInCl(CuratedApplication.java:147)
	at io.quarkus.bootstrap.app.CuratedApplication.runInAugmentClassLoader(CuratedApplication.java:102)
	at io.quarkus.deployment.dev.DevModeMain.start(DevModeMain.java:131)
	at io.quarkus.deployment.dev.DevModeMain.main(DevModeMain.java:62)

22:46:23 ERROR [io.qu.de.de.DevModeMain] (main) Quarkus dev mode failed to start: java.lang.NoSuchMethodError: io.quarkus.bootstrap.runner.Timing.setHttpServer(Ljava/lang/String;)V
	at io.quarkus.vertx.http.runtime.VertxHttpRecorder.setHttpServerTiming(VertxHttpRecorder.java:563)
	at io.quarkus.vertx.http.runtime.VertxHttpRecorder.doServerStart(VertxHttpRecorder.java:534)
	at io.quarkus.vertx.http.runtime.VertxHttpRecorder.startServerAfterFailedStart(VertxHttpRecorder.java:217)
	at io.quarkus.vertx.http.runtime.devmode.VertxHttpHotReplacementSetup.handleFailedInitialStart(VertxHttpHotReplacementSetup.java:39)
	at io.quarkus.deployment.dev.RuntimeUpdatesProcessor.startupFailed(RuntimeUpdatesProcessor.java:1131)
	at io.quarkus.deployment.dev.IsolatedDevModeMain.firstStart(IsolatedDevModeMain.java:185)
	at io.quarkus.deployment.dev.IsolatedDevModeMain.accept(IsolatedDevModeMain.java:485)
	at io.quarkus.deployment.dev.IsolatedDevModeMain.accept(IsolatedDevModeMain.java:68)
	at io.quarkus.bootstrap.app.CuratedApplication.runInCl(CuratedApplication.java:147)
	at io.quarkus.bootstrap.app.CuratedApplication.runInAugmentClassLoader(CuratedApplication.java:102)
	at io.quarkus.deployment.dev.DevModeMain.start(DevModeMain.java:131)
	at io.quarkus.deployment.dev.DevModeMain.main(DevModeMain.java:62)

22:46:34 ERROR [io.qu.de.de.DevModeMain] (main) Quarkus dev mode failed to start: java.lang.NoSuchMethodError: io.quarkus.bootstrap.runner.Timing.setHttpServer(Ljava/lang/String;)V
	at io.quarkus.vertx.http.runtime.VertxHttpRecorder.setHttpServerTiming(VertxHttpRecorder.java:563)
	at io.quarkus.vertx.http.runtime.VertxHttpRecorder.doServerStart(VertxHttpRecorder.java:534)
	at io.quarkus.vertx.http.runtime.VertxHttpRecorder.startServerAfterFailedStart(VertxHttpRecorder.java:217)
	at io.quarkus.vertx.http.runtime.devmode.VertxHttpHotReplacementSetup.handleFailedInitialStart(VertxHttpHotReplacementSetup.java:39)
	at io.quarkus.deployment.dev.RuntimeUpdatesProcessor.startupFailed(RuntimeUpdatesProcessor.java:1131)
	at io.quarkus.deployment.dev.IsolatedDevModeMain.firstStart(IsolatedDevModeMain.java:185)
	at io.quarkus.deployment.dev.IsolatedDevModeMain.accept(IsolatedDevModeMain.java:485)
	at io.quarkus.deployment.dev.IsolatedDevModeMain.accept(IsolatedDevModeMain.java:68)
	at io.quarkus.bootstrap.app.CuratedApplication.runInCl(CuratedApplication.java:147)
	at io.quarkus.bootstrap.app.CuratedApplication.runInAugmentClassLoader(CuratedApplication.java:102)
	at io.quarkus.deployment.dev.DevModeMain.start(DevModeMain.java:131)
	at io.quarkus.deployment.dev.DevModeMain.main(DevModeMain.java:62)

22:48:11 ERROR [io.qu.de.de.DevModeMain] (main) Quarkus dev mode failed to start: java.lang.NoSuchMethodError: io.quarkus.bootstrap.runner.Timing.setHttpServer(Ljava/lang/String;)V
	at io.quarkus.vertx.http.runtime.VertxHttpRecorder.setHttpServerTiming(VertxHttpRecorder.java:563)
	at io.quarkus.vertx.http.runtime.VertxHttpRecorder.doServerStart(VertxHttpRecorder.java:534)
	at io.quarkus.vertx.http.runtime.VertxHttpRecorder.startServerAfterFailedStart(VertxHttpRecorder.java:217)
	at io.quarkus.vertx.http.runtime.devmode.VertxHttpHotReplacementSetup.handleFailedInitialStart(VertxHttpHotReplacementSetup.java:39)
	at io.quarkus.deployment.dev.RuntimeUpdatesProcessor.startupFailed(RuntimeUpdatesProcessor.java:1131)
	at io.quarkus.deployment.dev.IsolatedDevModeMain.firstStart(IsolatedDevModeMain.java:185)
	at io.quarkus.deployment.dev.IsolatedDevModeMain.accept(IsolatedDevModeMain.java:485)
	at io.quarkus.deployment.dev.IsolatedDevModeMain.accept(IsolatedDevModeMain.java:68)
	at io.quarkus.bootstrap.app.CuratedApplication.runInCl(CuratedApplication.java:147)
	at io.quarkus.bootstrap.app.CuratedApplication.runInAugmentClassLoader(CuratedApplication.java:102)
	at io.quarkus.deployment.dev.DevModeMain.start(DevModeMain.java:131)
	at io.quarkus.deployment.dev.DevModeMain.main(DevModeMain.java:62)

22:50:01 ERROR [io.qu.de.de.DevModeMain] (main) Quarkus dev mode failed to start: java.lang.NoSuchMethodError: io.quarkus.bootstrap.runner.Timing.setHttpServer(Ljava/lang/String;)V
	at io.quarkus.vertx.http.runtime.VertxHttpRecorder.setHttpServerTiming(VertxHttpRecorder.java:563)
	at io.quarkus.vertx.http.runtime.VertxHttpRecorder.doServerStart(VertxHttpRecorder.java:534)
	at io.quarkus.vertx.http.runtime.VertxHttpRecorder.startServerAfterFailedStart(VertxHttpRecorder.java:217)
	at io.quarkus.vertx.http.runtime.devmode.VertxHttpHotReplacementSetup.handleFailedInitialStart(VertxHttpHotReplacementSetup.java:39)
	at io.quarkus.deployment.dev.RuntimeUpdatesProcessor.startupFailed(RuntimeUpdatesProcessor.java:1131)
	at io.quarkus.deployment.dev.IsolatedDevModeMain.firstStart(IsolatedDevModeMain.java:185)
	at io.quarkus.deployment.dev.IsolatedDevModeMain.accept(IsolatedDevModeMain.java:485)
	at io.quarkus.deployment.dev.IsolatedDevModeMain.accept(IsolatedDevModeMain.java:68)
	at io.quarkus.bootstrap.app.CuratedApplication.runInCl(CuratedApplication.java:147)
	at io.quarkus.bootstrap.app.CuratedApplication.runInAugmentClassLoader(CuratedApplication.java:102)
	at io.quarkus.deployment.dev.DevModeMain.start(DevModeMain.java:131)
	at io.quarkus.deployment.dev.DevModeMain.main(DevModeMain.java:62)

22:52:32 ERROR [io.qu.de.de.DevModeMain] (main) Quarkus dev mode failed to start: java.lang.NoSuchMethodError: io.quarkus.bootstrap.runner.Timing.setHttpServer(Ljava/lang/String;)V
	at io.quarkus.vertx.http.runtime.VertxHttpRecorder.setHttpServerTiming(VertxHttpRecorder.java:563)
	at io.quarkus.vertx.http.runtime.VertxHttpRecorder.doServerStart(VertxHttpRecorder.java:534)
	at io.quarkus.vertx.http.runtime.VertxHttpRecorder.startServerAfterFailedStart(VertxHttpRecorder.java:217)
	at io.quarkus.vertx.http.runtime.devmode.VertxHttpHotReplacementSetup.handleFailedInitialStart(VertxHttpHotReplacementSetup.java:39)
	at io.quarkus.deployment.dev.RuntimeUpdatesProcessor.startupFailed(RuntimeUpdatesProcessor.java:1131)
	at io.quarkus.deployment.dev.IsolatedDevModeMain.firstStart(IsolatedDevModeMain.java:185)
	at io.quarkus.deployment.dev.IsolatedDevModeMain.accept(IsolatedDevModeMain.java:485)
	at io.quarkus.deployment.dev.IsolatedDevModeMain.accept(IsolatedDevModeMain.java:68)
	at io.quarkus.bootstrap.app.CuratedApplication.runInCl(CuratedApplication.java:147)
	at io.quarkus.bootstrap.app.CuratedApplication.runInAugmentClassLoader(CuratedApplication.java:102)
	at io.quarkus.deployment.dev.DevModeMain.start(DevModeMain.java:131)
	at io.quarkus.deployment.dev.DevModeMain.main(DevModeMain.java:62)

22:53:25 ERROR [io.qu.de.de.DevModeMain] (main) Quarkus dev mode failed to start: java.lang.NoSuchMethodError: io.quarkus.bootstrap.runner.Timing.setHttpServer(Ljava/lang/String;)V
	at io.quarkus.vertx.http.runtime.VertxHttpRecorder.setHttpServerTiming(VertxHttpRecorder.java:563)
	at io.quarkus.vertx.http.runtime.VertxHttpRecorder.doServerStart(VertxHttpRecorder.java:534)
	at io.quarkus.vertx.http.runtime.VertxHttpRecorder.startServerAfterFailedStart(VertxHttpRecorder.java:217)
	at io.quarkus.vertx.http.runtime.devmode.VertxHttpHotReplacementSetup.handleFailedInitialStart(VertxHttpHotReplacementSetup.java:39)
	at io.quarkus.deployment.dev.RuntimeUpdatesProcessor.startupFailed(RuntimeUpdatesProcessor.java:1131)
	at io.quarkus.deployment.dev.IsolatedDevModeMain.firstStart(IsolatedDevModeMain.java:185)
	at io.quarkus.deployment.dev.IsolatedDevModeMain.accept(IsolatedDevModeMain.java:485)
	at io.quarkus.deployment.dev.IsolatedDevModeMain.accept(IsolatedDevModeMain.java:68)
	at io.quarkus.bootstrap.app.CuratedApplication.runInCl(CuratedApplication.java:147)
	at io.quarkus.bootstrap.app.CuratedApplication.runInAugmentClassLoader(CuratedApplication.java:102)
	at io.quarkus.deployment.dev.DevModeMain.start(DevModeMain.java:131)
	at io.quarkus.deployment.dev.DevModeMain.main(DevModeMain.java:62)

